
PLAY [Print os facts] **********************************************************

TASK [Gathering Facts] *********************************************************
ok: [localhost]
ok: [fedore]
ok: [ubuntu]
ok: [centos7]

TASK [Print OS] ****************************************************************
ok: [localhost] => {
    "msg": "Ubuntu"
}
ok: [centos7] => {
    "msg": "CentOS"
}
ok: [ubuntu] => {
    "msg": "Ubuntu"
}
ok: [fedore] => {
    "msg": "Fedora"
}

TASK [Print fact] **************************************************************
ok: [localhost] => {
    "msg": "PaSSw0rd"
}
ok: [centos7] => {
    "msg": "el default fact"
}
ok: [ubuntu] => {
    "msg": "deb default fact"
}
ok: [fedore] => {
    "msg": "fed default fact"
}

PLAY RECAP *********************************************************************
centos7                    : ok=3    changed=0    unreachable=0    failed=0    skipped=0    rescued=0    ignored=0   
fedore                     : ok=3    changed=0    unreachable=0    failed=0    skipped=0    rescued=0    ignored=0   
localhost                  : ok=3    changed=0    unreachable=0    failed=0    skipped=0    rescued=0    ignored=0   
ubuntu                     : ok=3    changed=0    unreachable=0    failed=0    skipped=0    rescued=0    ignored=0   


PLAY [Print os facts] **********************************************************

TASK [Gathering Facts] *********************************************************
ok: [localhost]
ok: [fedore]
ok: [ubuntu]
ok: [centos7]

TASK [Print OS] ****************************************************************
ok: [localhost] => {
    "msg": "Ubuntu"
}
ok: [centos7] => {
    "msg": "CentOS"
}
ok: [ubuntu] => {
    "msg": "Ubuntu"
}
ok: [fedore] => {
    "msg": "Fedora"
}

TASK [Print fact] **************************************************************
ok: [localhost] => {
    "msg": "PaSSw0rd"
}
ok: [centos7] => {
    "msg": "el default fact"
}
ok: [ubuntu] => {
    "msg": "deb default fact"
}
ok: [fedore] => {
    "msg": "fed default fact"
}

PLAY RECAP *********************************************************************
centos7                    : ok=3    changed=0    unreachable=0    failed=0    skipped=0    rescued=0    ignored=0   
fedore                     : ok=3    changed=0    unreachable=0    failed=0    skipped=0    rescued=0    ignored=0   
localhost                  : ok=3    changed=0    unreachable=0    failed=0    skipped=0    rescued=0    ignored=0   
ubuntu                     : ok=3    changed=0    unreachable=0    failed=0    skipped=0    rescued=0    ignored=0   

